
6月 25, 2018 14:54:44.07 NEW SESSION
6月 25, 2018 14:54:44.07 Unable to read VR Path Registry from C:\Users\Reliance\AppData\Local\openvr\openvrpaths.vrpath

6月 25, 2018 18:33:45.50 NEW SESSION
6月 25, 2018 18:33:45.50 Unable to read VR Path Registry from C:\Users\Reliance\AppData\Local\openvr\openvrpaths.vrpath
6月 25, 2018 18:43:05.01 Unable to read VR Path Registry from C:\Users\Reliance\AppData\Local\openvr\openvrpaths.vrpath
6月 25, 2018 18:53:17.89 Unable to read VR Path Registry from C:\Users\Reliance\AppData\Local\openvr\openvrpaths.vrpath
6月 25, 2018 19:11:09.43 Unable to read VR Path Registry from C:\Users\Reliance\AppData\Local\openvr\openvrpaths.vrpath
6月 25, 2018 19:17:11.10 Unable to read VR Path Registry from C:\Users\Reliance\AppData\Local\openvr\openvrpaths.vrpath
6月 25, 2018 19:19:22.15 Unable to read VR Path Registry from C:\Users\Reliance\AppData\Local\openvr\openvrpaths.vrpath
6月 25, 2018 19:22:42.85 Unable to read VR Path Registry from C:\Users\Reliance\AppData\Local\openvr\openvrpaths.vrpath
6月 25, 2018 20:08:43.97 [16236:16532:0625/200843.970:ERROR:ssl_client_socket_impl.cc(996)] handshake failed; returned -1, SSL error code 1, net_error -103
6月 25, 2018 20:40:49.43 Unable to read VR Path Registry from C:\Users\Reliance\AppData\Local\openvr\openvrpaths.vrpath

6月 26, 2018 16:28:31.23 NEW SESSION
6月 26, 2018 16:28:31.23 Unable to read VR Path Registry from C:\Users\Reliance\AppData\Local\openvr\openvrpaths.vrpath
6月 26, 2018 16:34:41.84 Unable to read VR Path Registry from C:\Users\Reliance\AppData\Local\openvr\openvrpaths.vrpath
6月 26, 2018 18:12:41.65 Unable to read VR Path Registry from C:\Users\Reliance\AppData\Local\openvr\openvrpaths.vrpath
6月 26, 2018 19:41:15.75 Unable to read VR Path Registry from C:\Users\Reliance\AppData\Local\openvr\openvrpaths.vrpath
6月 26, 2018 19:43:27.59 Unable to read VR Path Registry from C:\Users\Reliance\AppData\Local\openvr\openvrpaths.vrpath
6月 26, 2018 21:12:59.26 Unable to read VR Path Registry from C:\Users\Reliance\AppData\Local\openvr\openvrpaths.vrpath

6月 27, 2018 08:43:55.82 NEW SESSION
6月 27, 2018 08:43:55.83 Unable to read VR Path Registry from C:\Users\Reliance\AppData\Local\openvr\openvrpaths.vrpath
6月 27, 2018 10:08:40.65 Unable to read VR Path Registry from C:\Users\Reliance\AppData\Local\openvr\openvrpaths.vrpath
6月 27, 2018 15:22:16.84 [2388:15320:0627/152216.839:ERROR:textfield.cc(1754)] NOT IMPLEMENTED
6月 27, 2018 15:22:49.46 Unable to read VR Path Registry from C:\Users\Reliance\AppData\Local\openvr\openvrpaths.vrpath
6月 27, 2018 16:50:16.74 Unable to read VR Path Registry from C:\Users\Reliance\AppData\Local\openvr\openvrpaths.vrpath

6月 27, 2018 19:41:36.10 NEW SESSION
6月 27, 2018 19:41:36.10 Unable to read VR Path Registry from C:\Users\Reliance\AppData\Local\openvr\openvrpaths.vrpath

6月 27, 2018 21:39:57.69 NEW SESSION
6月 27, 2018 21:39:57.69 Unable to read VR Path Registry from C:\Users\Reliance\AppData\Local\openvr\openvrpaths.vrpath
6月 27, 2018 21:48:16.24 Unable to read VR Path Registry from C:\Users\Reliance\AppData\Local\openvr\openvrpaths.vrpath
6月 27, 2018 21:51:36.93 Unable to read VR Path Registry from C:\Users\Reliance\AppData\Local\openvr\openvrpaths.vrpath
6月 27, 2018 21:55:46.60 Unable to read VR Path Registry from C:\Users\Reliance\AppData\Local\openvr\openvrpaths.vrpath
6月 27, 2018 21:57:34.22 Unable to read VR Path Registry from C:\Users\Reliance\AppData\Local\openvr\openvrpaths.vrpath

6月 28, 2018 10:09:47.13 NEW SESSION
6月 28, 2018 10:09:47.13 Unable to read VR Path Registry from C:\Users\Reliance\AppData\Local\openvr\openvrpaths.vrpath

6月 29, 2018 11:22:23.57 NEW SESSION
6月 29, 2018 11:22:23.57 Unable to read VR Path Registry from C:\Users\Reliance\AppData\Local\openvr\openvrpaths.vrpath
6月 29, 2018 18:48:52.96 Unable to read VR Path Registry from C:\Users\Reliance\AppData\Local\openvr\openvrpaths.vrpath
6月 29, 2018 21:35:15.72 Unable to read VR Path Registry from C:\Users\Reliance\AppData\Local\openvr\openvrpaths.vrpath

6月 30, 2018 16:35:52.64 NEW SESSION
6月 30, 2018 16:35:52.64 Unable to read VR Path Registry from C:\Users\Reliance\AppData\Local\openvr\openvrpaths.vrpath
6月 30, 2018 16:38:01.82 Unable to read VR Path Registry from C:\Users\Reliance\AppData\Local\openvr\openvrpaths.vrpath

7月 01, 2018 14:01:16.42 NEW SESSION
7月 01, 2018 14:01:16.42 Unable to read VR Path Registry from C:\Users\Reliance\AppData\Local\openvr\openvrpaths.vrpath

7月 01, 2018 14:03:54.04 NEW SESSION
7月 01, 2018 14:03:54.04 Unable to read VR Path Registry from C:\Users\Reliance\AppData\Local\openvr\openvrpaths.vrpath

7月 01, 2018 18:42:48.74 NEW SESSION
7月 01, 2018 18:42:48.74 [15744:18096:0701/184248.743:ERROR:entry_impl.cc(1040)] No file for 80000002
7月 01, 2018 18:42:48.83 [15744:18096:0701/184248.837:ERROR:entry_impl.cc(1040)] No file for 80000004
7月 01, 2018 18:43:33.87 Unable to read VR Path Registry from C:\Users\Reliance\AppData\Local\openvr\openvrpaths.vrpath
7月 01, 2018 18:49:44.84 [13532:1904:0701/184944.848:ERROR:entry_impl.cc(1040)] No file for 80000001
7月 01, 2018 18:49:44.92 [13532:1904:0701/184944.925:ERROR:entry_impl.cc(1040)] No file for 80000001
7月 01, 2018 18:50:29.95 Unable to read VR Path Registry from C:\Users\Reliance\AppData\Local\openvr\openvrpaths.vrpath
7月 01, 2018 18:56:29.84 [13532:1904:0701/185629.847:ERROR:entry_impl.cc(1040)] No file for 80000440
7月 01, 2018 18:56:29.86 [13532:1904:0701/185629.864:ERROR:entry_impl.cc(1040)] No file for 80000441
7月 01, 2018 18:56:33.80 [13532:3784:0701/185633.807:ERROR:textfield.cc(1754)] NOT IMPLEMENTED
7月 01, 2018 18:56:34.98 [13532:3784:0701/185634.986:ERROR:prefix_selector.cc(156)] NOT IMPLEMENTED

7月 01, 2018 21:05:22.23 NEW SESSION
7月 01, 2018 21:05:22.23 Unable to read VR Path Registry from C:\Users\Reliance\AppData\Local\openvr\openvrpaths.vrpath
7月 01, 2018 23:01:13.48 Unable to read VR Path Registry from C:\Users\Reliance\AppData\Local\openvr\openvrpaths.vrpath

7月 02, 2018 09:22:11.87 NEW SESSION
7月 02, 2018 09:22:11.88 Unable to read VR Path Registry from C:\Users\Reliance\AppData\Local\openvr\openvrpaths.vrpath
7月 02, 2018 09:27:33.58 [14404:2956:0702/092733.582:ERROR:CONSOLE(1)] "Uncaught (in promise) SyntaxError: Unexpected number", source: chrome-devtools://devtools/bundled/devtools_app.html?remoteBase=https://chrome-devtools-frontend.appspot.com/serve_file/@9bbd2d0687bd83181f22ac13565501690ee5b4c7/&can_dock=true&dockSide=undocked (1)
7月 02, 2018 09:27:33.58 [14404:2956:0702/092733.582:ERROR:CONSOLE(1)] "Uncaught (in promise) SyntaxError: Unexpected number", source: chrome-devtools://devtools/bundled/devtools_app.html?remoteBase=https://chrome-devtools-frontend.appspot.com/serve_file/@9bbd2d0687bd83181f22ac13565501690ee5b4c7/&can_dock=true&dockSide=undocked (1)
7月 02, 2018 09:27:33.58 [14404:2956:0702/092733.582:ERROR:CONSOLE(1)] "Uncaught (in promise) SyntaxError: Unexpected number", source: chrome-devtools://devtools/bundled/devtools_app.html?remoteBase=https://chrome-devtools-frontend.appspot.com/serve_file/@9bbd2d0687bd83181f22ac13565501690ee5b4c7/&can_dock=true&dockSide=undocked (1)
7月 02, 2018 09:37:49.54 Unable to read VR Path Registry from C:\Users\Reliance\AppData\Local\openvr\openvrpaths.vrpath

7月 02, 2018 09:52:09.05 NEW SESSION
7月 02, 2018 09:52:09.05 Unable to read VR Path Registry from C:\Users\Reliance\AppData\Local\openvr\openvrpaths.vrpath

7月 02, 2018 18:46:57.32 NEW SESSION
7月 02, 2018 18:46:57.33 Unable to read VR Path Registry from C:\Users\Reliance\AppData\Local\openvr\openvrpaths.vrpath

7月 03, 2018 08:37:28.96 NEW SESSION
7月 03, 2018 08:37:28.96 Unable to read VR Path Registry from C:\Users\Reliance\AppData\Local\openvr\openvrpaths.vrpath

7月 03, 2018 18:37:23.89 NEW SESSION
7月 03, 2018 18:37:23.89 Unable to read VR Path Registry from C:\Users\Reliance\AppData\Local\openvr\openvrpaths.vrpath
7月 03, 2018 19:40:53.30 Unable to read VR Path Registry from C:\Users\Reliance\AppData\Local\openvr\openvrpaths.vrpath
7月 03, 2018 19:59:34.12 [10516:20832:0703/195934.125:ERROR:ssl_client_socket_impl.cc(996)] handshake failed; returned -1, SSL error code 1, net_error -101
7月 03, 2018 19:59:34.13 [10516:20832:0703/195934.139:ERROR:ssl_client_socket_impl.cc(996)] handshake failed; returned -1, SSL error code 1, net_error -101
7月 03, 2018 19:59:37.98 [10516:20832:0703/195937.988:ERROR:ssl_client_socket_impl.cc(996)] handshake failed; returned -1, SSL error code 1, net_error -101
7月 03, 2018 19:59:38.01 [10516:20832:0703/195938.011:ERROR:ssl_client_socket_impl.cc(996)] handshake failed; returned -1, SSL error code 1, net_error -101

7月 04, 2018 14:55:08.33 NEW SESSION
7月 04, 2018 14:55:08.33 Unable to read VR Path Registry from C:\Users\Reliance\AppData\Local\openvr\openvrpaths.vrpath
7月 04, 2018 15:07:12.71 [4052:20304:0704/150712.719:ERROR:ssl_client_socket_impl.cc(996)] handshake failed; returned -1, SSL error code 1, net_error -101
7月 04, 2018 15:07:12.78 [4052:20304:0704/150712.781:ERROR:ssl_client_socket_impl.cc(996)] handshake failed; returned -1, SSL error code 1, net_error -101
7月 04, 2018 15:21:59.91 [4052:1336:0704/152159.914:ERROR:latency_info.cc(163)] Display::DrawAndSwap, LatencyInfo vector size 102 is too big.
7月 04, 2018 15:22:01.47 [4052:1336:0704/152201.470:ERROR:latency_info.cc(163)] Display::DrawAndSwap, LatencyInfo vector size 102 is too big.
7月 04, 2018 16:40:02.31 Unable to read VR Path Registry from C:\Users\Reliance\AppData\Local\openvr\openvrpaths.vrpath

7月 04, 2018 19:43:05.52 NEW SESSION
7月 04, 2018 19:43:05.52 Unable to read VR Path Registry from C:\Users\Reliance\AppData\Local\openvr\openvrpaths.vrpath

7月 04, 2018 20:16:18.51 NEW SESSION
7月 04, 2018 20:16:18.51 Unable to read VR Path Registry from C:\Users\Reliance\AppData\Local\openvr\openvrpaths.vrpath
7月 04, 2018 20:53:28.83 [23532:23524:0704/205328.833:ERROR:ssl_client_socket_impl.cc(996)] handshake failed; returned -1, SSL error code 1, net_error -101
7月 04, 2018 20:53:28.85 [23532:23524:0704/205328.856:ERROR:ssl_client_socket_impl.cc(996)] handshake failed; returned -1, SSL error code 1, net_error -101

7月 05, 2018 10:19:14.73 NEW SESSION
7月 05, 2018 10:19:14.73 [19472:7124:0705/101914.731:ERROR:ssl_client_socket_impl.cc(996)] handshake failed; returned -1, SSL error code 1, net_error -101
7月 05, 2018 10:19:16.25 Unable to read VR Path Registry from C:\Users\Reliance\AppData\Local\openvr\openvrpaths.vrpath
7月 05, 2018 10:19:35.75 [19472:7124:0705/101935.752:ERROR:ssl_client_socket_impl.cc(996)] handshake failed; returned -1, SSL error code 1, net_error -101

7月 05, 2018 15:22:07.40 NEW SESSION
7月 05, 2018 15:22:07.40 [10816:23716:0705/152207.404:ERROR:entry_impl.cc(1040)] No file for 80000009
7月 05, 2018 15:22:07.49 [10816:23716:0705/152207.496:ERROR:entry_impl.cc(1040)] No file for 8000000a
7月 05, 2018 15:29:19.63 [15552:12492:0705/152919.637:ERROR:entry_impl.cc(1040)] No file for 80000008
7月 05, 2018 15:29:19.74 [15552:12492:0705/152919.740:ERROR:entry_impl.cc(1040)] No file for 80000009
7月 05, 2018 15:29:20.96 [15552:12492:0705/152920.967:ERROR:entry_impl.cc(1040)] No file for 80000775
7月 05, 2018 15:29:20.96 [15552:12492:0705/152920.968:ERROR:entry_impl.cc(1040)] No file for 80000773
7月 05, 2018 15:29:20.97 [15552:12492:0705/152920.970:ERROR:entry_impl.cc(1040)] No file for 800009b8
7月 05, 2018 15:29:20.97 [15552:12492:0705/152920.972:ERROR:entry_impl.cc(1040)] No file for 800009b9
7月 05, 2018 15:29:20.97 [15552:12492:0705/152920.978:ERROR:entry_impl.cc(1040)] No file for 800007a6
7月 05, 2018 15:29:20.97 [15552:12492:0705/152920.978:ERROR:entry_impl.cc(1040)] No file for 800007a7
7月 05, 2018 15:29:20.98 [15552:12492:0705/152920.979:ERROR:entry_impl.cc(1040)] No file for 800007a9
7月 05, 2018 15:29:20.98 [15552:12492:0705/152920.983:ERROR:entry_impl.cc(1040)] No file for 800009ba
7月 05, 2018 15:29:20.98 [15552:12492:0705/152920.983:ERROR:entry_impl.cc(1040)] No file for 800009bb
7月 05, 2018 15:29:20.98 [15552:12492:0705/152920.988:ERROR:entry_impl.cc(1040)] No file for 800009bc
7月 05, 2018 15:29:20.98 [15552:12492:0705/152920.988:ERROR:entry_impl.cc(1040)] No file for 800009bd
7月 05, 2018 15:29:20.98 [15552:12492:0705/152920.989:ERROR:entry_impl.cc(1040)] No file for 800009bf
7月 05, 2018 15:29:20.99 [15552:12492:0705/152920.991:ERROR:entry_impl.cc(1040)] No file for 800009be
7月 05, 2018 15:29:20.99 [15552:12492:0705/152920.991:ERROR:entry_impl.cc(1040)] No file for 800009c4
7月 05, 2018 15:29:20.99 [15552:12492:0705/152920.993:ERROR:entry_impl.cc(1040)] No file for 800009c2
7月 05, 2018 15:29:20.99 [15552:12492:0705/152920.994:ERROR:entry_impl.cc(1040)] No file for 800009c1
7月 05, 2018 15:29:20.99 [15552:12492:0705/152920.995:ERROR:entry_impl.cc(1040)] No file for 800009c0
7月 05, 2018 15:29:20.99 [15552:12492:0705/152920.998:ERROR:entry_impl.cc(1040)] No file for 800009c3
7月 05, 2018 15:29:21.00 [15552:12492:0705/152921.000:ERROR:entry_impl.cc(1040)] No file for 800009c5
7月 05, 2018 15:29:21.00 [15552:12492:0705/152921.000:ERROR:entry_impl.cc(1040)] No file for 800009c6
7月 05, 2018 15:29:30.01 [21660:22764:0705/152930.019:ERROR:entry_impl.cc(1040)] No file for 80000007
7月 05, 2018 15:29:30.16 [21660:22764:0705/152930.162:ERROR:entry_impl.cc(1040)] No file for 80000007
7月 05, 2018 15:29:31.26 [21660:22764:0705/152931.267:ERROR:entry_impl.cc(1040)] No file for 8000077b
7月 05, 2018 15:29:31.51 [21660:22764:0705/152931.515:ERROR:entry_impl.cc(1040)] No file for 800009c7
7月 05, 2018 15:29:34.30 [21660:22764:0705/152934.308:ERROR:entry_impl.cc(1040)] No file for 800007a8
7月 05, 2018 15:29:56.86 [21660:22764:0705/152956.869:ERROR:entry_impl.cc(1040)] No file for 800009c8
7月 05, 2018 15:30:15.14 Unable to read VR Path Registry from C:\Users\Reliance\AppData\Local\openvr\openvrpaths.vrpath
7月 05, 2018 15:47:04.07 [21660:22764:0705/154704.069:ERROR:entry_impl.cc(1040)] No file for 8000077f

7月 09, 2018 20:32:56.46 NEW SESSION
7月 09, 2018 20:32:56.46 [4460:6084:0709/203256.465:ERROR:cache_util_win.cc(19)] Unable to move the cache: 5
7月 09, 2018 20:32:56.46 [4460:6084:0709/203256.465:ERROR:cache_util.cc(135)] Unable to move cache folder C:\Users\Reliance\AppData\Local\Google\Chrome\User Data\ShaderCache\GPUCache to C:\Users\Reliance\AppData\Local\Google\Chrome\User Data\ShaderCache\old_GPUCache_000
7月 09, 2018 20:32:56.46 [4460:6084:0709/203256.465:ERROR:disk_cache.cc(169)] Unable to create cache
7月 09, 2018 20:32:56.46 [4460:6084:0709/203256.465:ERROR:shader_disk_cache.cc(600)] Shader Cache Creation failed: -2
7月 09, 2018 20:33:33.21 [17640:14100:0709/203333.214:ERROR:entry_impl.cc(1040)] No file for 800008c5
7月 09, 2018 20:33:33.21 [17640:14100:0709/203333.215:ERROR:entry_impl.cc(1040)] No file for 800008c2
7月 09, 2018 20:34:24.52 Unable to read VR Path Registry from C:\Users\Reliance\AppData\Local\openvr\openvrpaths.vrpath

7月 24, 2018 11:01:40.05 NEW SESSION
7月 24, 2018 11:01:40.05 Unable to read VR Path Registry from C:\Users\Reliance\AppData\Local\openvr\openvrpaths.vrpath
7月 24, 2018 12:04:26.46 [15084:5168:0724/120426.468:ERROR:platform_sensor_reader_win.cc(242)] NOT IMPLEMENTED
7月 24, 2018 12:04:27.07 [15084:10600:0724/120427.074:ERROR:platform_sensor_reader_win.cc(242)] NOT IMPLEMENTED
7月 24, 2018 12:04:27.61 [15084:1864:0724/120427.616:ERROR:platform_sensor_reader_win.cc(242)] NOT IMPLEMENTED
7月 24, 2018 12:04:28.24 [15084:14496:0724/120428.244:ERROR:platform_sensor_reader_win.cc(242)] NOT IMPLEMENTED
7月 24, 2018 12:04:28.79 [15084:11436:0724/120428.795:ERROR:platform_sensor_reader_win.cc(242)] NOT IMPLEMENTED
7月 24, 2018 12:04:28.80 [15084:18552:0724/120428.803:ERROR:socket_dispatcher_host.cc(97)] Failed to resolve address for x., errorcode: -105
7月 24, 2018 12:04:28.80 [15084:18552:0724/120428.804:ERROR:socket_dispatcher_host.cc(97)] Failed to resolve address for x., errorcode: -105
7月 24, 2018 12:04:29.32 [15084:2340:0724/120429.319:ERROR:platform_sensor_reader_win.cc(242)] NOT IMPLEMENTED
7月 24, 2018 12:04:29.84 [15084:16872:0724/120429.845:ERROR:platform_sensor_reader_win.cc(242)] NOT IMPLEMENTED
7月 24, 2018 12:04:30.37 [15084:5428:0724/120430.369:ERROR:platform_sensor_reader_win.cc(242)] NOT IMPLEMENTED
7月 24, 2018 12:04:30.89 [15084:18124:0724/120430.894:ERROR:platform_sensor_reader_win.cc(242)] NOT IMPLEMENTED
7月 24, 2018 12:04:31.42 [15084:15868:0724/120431.420:ERROR:platform_sensor_reader_win.cc(242)] NOT IMPLEMENTED
7月 24, 2018 12:04:31.94 [15084:2280:0724/120431.944:ERROR:platform_sensor_reader_win.cc(242)] NOT IMPLEMENTED
7月 24, 2018 12:04:32.46 [15084:18460:0724/120432.468:ERROR:platform_sensor_reader_win.cc(242)] NOT IMPLEMENTED
7月 24, 2018 12:04:32.99 [15084:10000:0724/120432.993:ERROR:platform_sensor_reader_win.cc(242)] NOT IMPLEMENTED
7月 24, 2018 12:04:33.51 [15084:2884:0724/120433.518:ERROR:platform_sensor_reader_win.cc(242)] NOT IMPLEMENTED
7月 24, 2018 12:04:34.26 [15084:8552:0724/120434.264:ERROR:platform_sensor_reader_win.cc(242)] NOT IMPLEMENTED
7月 24, 2018 12:04:34.90 [15084:16000:0724/120434.902:ERROR:platform_sensor_reader_win.cc(242)] NOT IMPLEMENTED
7月 24, 2018 12:04:35.46 [15084:16120:0724/120435.465:ERROR:platform_sensor_reader_win.cc(242)] NOT IMPLEMENTED
7月 24, 2018 12:04:36.21 [15084:12760:0724/120436.217:ERROR:platform_sensor_reader_win.cc(242)] NOT IMPLEMENTED
7月 24, 2018 12:04:36.59 [15084:18552:0724/120436.594:ERROR:socket_dispatcher_host.cc(97)] Failed to resolve address for x., errorcode: -105
7月 24, 2018 12:04:36.59 [15084:18552:0724/120436.594:ERROR:socket_dispatcher_host.cc(97)] Failed to resolve address for x., errorcode: -105
7月 24, 2018 12:04:36.75 [15084:14124:0724/120436.755:ERROR:platform_sensor_reader_win.cc(242)] NOT IMPLEMENTED

7月 24, 2018 16:17:53.97 NEW SESSION
7月 24, 2018 16:17:53.97 [4620:2328:0724/161753.970:ERROR:in_progress_cache_impl.cc(191)] Cache is not initialized, cannot RetrieveEntry.
7月 24, 2018 16:17:53.97 [4620:2328:0724/161753.971:ERROR:in_progress_cache_impl.cc(191)] Cache is not initialized, cannot RetrieveEntry.

7月 24, 2018 18:28:41.30 NEW SESSION
7月 24, 2018 18:28:41.30 Unable to read VR Path Registry from C:\Users\Reliance\AppData\Local\openvr\openvrpaths.vrpath
7月 24, 2018 18:32:28.59 Unable to read VR Path Registry from C:\Users\Reliance\AppData\Local\openvr\openvrpaths.vrpath
7月 24, 2018 18:34:48.12 [16716:8832:0724/183448.122:ERROR:in_progress_cache_impl.cc(191)] Cache is not initialized, cannot RetrieveEntry.
7月 24, 2018 18:34:48.12 [16716:8832:0724/183448.122:ERROR:in_progress_cache_impl.cc(191)] Cache is not initialized, cannot RetrieveEntry.
7月 24, 2018 18:36:19.49 Unable to read VR Path Registry from C:\Users\Reliance\AppData\Local\openvr\openvrpaths.vrpath
7月 24, 2018 18:43:37.47 [12896:1356:0724/184337.473:ERROR:platform_sensor_reader_win.cc(242)] NOT IMPLEMENTED
7月 24, 2018 18:44:52.41 [12896:6592:0724/184452.417:ERROR:ssl_client_socket_impl.cc(996)] handshake failed; returned -1, SSL error code 1, net_error -101
7月 24, 2018 18:44:52.64 [12896:6592:0724/184452.646:ERROR:ssl_client_socket_impl.cc(996)] handshake failed; returned -1, SSL error code 1, net_error -101
7月 24, 2018 18:52:20.11 Unable to read VR Path Registry from C:\Users\Reliance\AppData\Local\openvr\openvrpaths.vrpath
7月 24, 2018 19:07:04.15 Unable to read VR Path Registry from C:\Users\Reliance\AppData\Local\openvr\openvrpaths.vrpath
7月 24, 2018 19:45:47.94 Unable to read VR Path Registry from C:\Users\Reliance\AppData\Local\openvr\openvrpaths.vrpath
7月 24, 2018 20:05:57.77 Unable to read VR Path Registry from C:\Users\Reliance\AppData\Local\openvr\openvrpaths.vrpath
7月 24, 2018 20:26:15.90 Unable to read VR Path Registry from C:\Users\Reliance\AppData\Local\openvr\openvrpaths.vrpath
7月 24, 2018 21:11:05.48 Unable to read VR Path Registry from C:\Users\Reliance\AppData\Local\openvr\openvrpaths.vrpath
7月 24, 2018 21:13:28.28 Unable to read VR Path Registry from C:\Users\Reliance\AppData\Local\openvr\openvrpaths.vrpath
7月 24, 2018 21:18:19.66 Unable to read VR Path Registry from C:\Users\Reliance\AppData\Local\openvr\openvrpaths.vrpath

7月 25, 2018 15:21:51.90 NEW SESSION
7月 25, 2018 15:21:51.90 Unable to read VR Path Registry from C:\Users\Reliance\AppData\Local\openvr\openvrpaths.vrpath
7月 25, 2018 15:28:37.22 Unable to read VR Path Registry from C:\Users\Reliance\AppData\Local\openvr\openvrpaths.vrpath

7月 25, 2018 18:47:27.87 NEW SESSION
7月 25, 2018 18:47:27.87 [4496:17144:0725/184727.877:ERROR:cache_util_win.cc(19)] Unable to move the cache: 5
7月 25, 2018 18:47:27.87 [4496:17144:0725/184727.877:ERROR:cache_util.cc(135)] Unable to move cache folder C:\Users\Reliance\AppData\Local\Google\Chrome\User Data\ShaderCache\GPUCache to C:\Users\Reliance\AppData\Local\Google\Chrome\User Data\ShaderCache\old_GPUCache_000
7月 25, 2018 18:47:27.87 [4496:17144:0725/184727.877:ERROR:disk_cache.cc(169)] Unable to create cache
7月 25, 2018 18:47:27.88 [4496:17144:0725/184727.877:ERROR:shader_disk_cache.cc(600)] Shader Cache Creation failed: -2
7月 25, 2018 18:47:36.95 [17760:17972:0725/184736.954:ERROR:in_progress_cache_impl.cc(191)] Cache is not initialized, cannot RetrieveEntry.
7月 25, 2018 18:47:36.95 [17760:17972:0725/184736.954:ERROR:in_progress_cache_impl.cc(191)] Cache is not initialized, cannot RetrieveEntry.
7月 25, 2018 18:48:21.94 Unable to read VR Path Registry from C:\Users\Reliance\AppData\Local\openvr\openvrpaths.vrpath
7月 25, 2018 18:49:43.85 Unable to read VR Path Registry from C:\Users\Reliance\AppData\Local\openvr\openvrpaths.vrpath
7月 25, 2018 18:53:07.37 Unable to read VR Path Registry from C:\Users\Reliance\AppData\Local\openvr\openvrpaths.vrpath
7月 25, 2018 19:15:25.67 Unable to read VR Path Registry from C:\Users\Reliance\AppData\Local\openvr\openvrpaths.vrpath

7月 25, 2018 20:11:10.96 NEW SESSION
7月 25, 2018 20:11:10.96 [8560:10436:0725/201110.963:ERROR:cache_util_win.cc(19)] Unable to move the cache: 5
7月 25, 2018 20:11:10.96 [8560:10436:0725/201110.963:ERROR:cache_util.cc(135)] Unable to move cache folder C:\Users\Reliance\AppData\Local\Google\Chrome\User Data\ShaderCache\GPUCache to C:\Users\Reliance\AppData\Local\Google\Chrome\User Data\ShaderCache\old_GPUCache_000
7月 25, 2018 20:11:10.96 [8560:10436:0725/201110.963:ERROR:disk_cache.cc(169)] Unable to create cache
7月 25, 2018 20:11:10.96 [8560:10436:0725/201110.963:ERROR:shader_disk_cache.cc(600)] Shader Cache Creation failed: -2
7月 25, 2018 20:11:20.40 [2812:4676:0725/201120.402:ERROR:cache_util_win.cc(19)] Unable to move the cache: 5
7月 25, 2018 20:11:20.40 [2812:4676:0725/201120.402:ERROR:cache_util.cc(135)] Unable to move cache folder C:\Users\Reliance\AppData\Local\Google\Chrome\User Data\ShaderCache\GPUCache to C:\Users\Reliance\AppData\Local\Google\Chrome\User Data\ShaderCache\old_GPUCache_000
7月 25, 2018 20:11:20.40 [2812:4676:0725/201120.402:ERROR:disk_cache.cc(169)] Unable to create cache
7月 25, 2018 20:11:20.40 [2812:4676:0725/201120.402:ERROR:shader_disk_cache.cc(600)] Shader Cache Creation failed: -2
7月 25, 2018 20:12:12.71 Unable to read VR Path Registry from C:\Users\Reliance\AppData\Local\openvr\openvrpaths.vrpath

7月 25, 2018 21:02:02.03 NEW SESSION
7月 25, 2018 21:02:02.03 Unable to read VR Path Registry from C:\Users\Reliance\AppData\Local\openvr\openvrpaths.vrpath
